Thu Nov 21 10:13:51 EST 2024 - Submitting job...
Thu Nov 21 10:13:52 EST 2024 - Job 60459429 submitted successfully.
Thu Nov 21 10:13:52 EST 2024 - Monitoring job 60459429...
Fri Nov 22 00:22:36 EST 2024 - Job 60459429 failed with state TIMEOUT.
Fri Nov 22 00:22:37 EST 2024 - Resubmitting job (1/10)...
Fri Nov 22 00:22:37 EST 2024 - Submitting job...
Fri Nov 22 00:22:41 EST 2024 - Job 60480986 submitted successfully.
Fri Nov 22 00:22:41 EST 2024 - Monitoring job 60480986...
Fri Nov 22 12:30:49 EST 2024 - Job 60480986 failed with state TIMEOUT.
Fri Nov 22 12:30:50 EST 2024 - Resubmitting job (2/10)...
Fri Nov 22 12:30:50 EST 2024 - Submitting job...
Fri Nov 22 12:30:50 EST 2024 - Job 60487379 submitted successfully.
Fri Nov 22 12:30:50 EST 2024 - Monitoring job 60487379...
Sat Nov 23 08:11:02 EST 2024 - Job 60487379 failed with state TIMEOUT.
Sat Nov 23 08:11:02 EST 2024 - Resubmitting job (3/10)...
Sat Nov 23 08:11:02 EST 2024 - Submitting job...
Sat Nov 23 08:11:03 EST 2024 - Job 60501341 submitted successfully.
Sat Nov 23 08:11:03 EST 2024 - Monitoring job 60501341...
Sat Nov 23 17:10:56 EST 2024 - Unknown state: RUNNING
Sat Nov 23 17:10:56 EST 2024 - Resubmitting job (4/10)...
Sat Nov 23 17:10:56 EST 2024 - Submitting job...
Sat Nov 23 17:11:01 EST 2024 - Job 60513638 submitted successfully.
Sat Nov 23 17:11:01 EST 2024 - Monitoring job 60513638...
Sun Nov 24 05:36:07 EST 2024 - Job 60513638 failed with state TIMEOUT.
Sun Nov 24 05:36:08 EST 2024 - Resubmitting job (5/10)...
Sun Nov 24 05:36:08 EST 2024 - Submitting job...
Sun Nov 24 05:36:08 EST 2024 - Job 60522506 submitted successfully.
Sun Nov 24 05:36:08 EST 2024 - Monitoring job 60522506...
Sun Nov 24 11:41:06 EST 2024 - Unknown state: CANCELLED+
Sun Nov 24 11:41:06 EST 2024 - Completion file found. Ending monitoring.
